<?xml version="1.0" encoding="UTF-8"?>
<!-- Generated by org.testng.reporters.JUnitReportReporter -->
<testsuite skipped="0" hostname="DESKTOP-GDISGSQ" name="Practice_TestNg.CheckDasboard_Head_TestNg" tests="7" failures="2" timestamp="2023-01-13T15:50:03 IST" time="21.407" errors="0">
  <testcase name="check_dashboard" time="2.908" classname="Practice_TestNg.CheckDasboard_Head_TestNg">
    <failure type="java.lang.AssertionError" message="null">
      <![CDATA[java.lang.AssertionError: null
at org.testng.Assert.fail(Assert.java:99)
at org.testng.Assert.fail(Assert.java:106)
at Practice_TestNg.CheckDasboard_Head_TestNg.check_dashboard(CheckDasboard_Head_TestNg.java:24)
at sun.reflect.NativeMethodAccessorImpl.invoke0(Native Method)
at sun.reflect.NativeMethodAccessorImpl.invoke(Unknown Source)
at sun.reflect.DelegatingMethodAccessorImpl.invoke(Unknown Source)
at java.lang.reflect.Method.invoke(Unknown Source)
at org.testng.internal.MethodInvocationHelper.invokeMethod(MethodInvocationHelper.java:133)
at org.testng.internal.TestInvoker.invokeMethod(TestInvoker.java:598)
at org.testng.internal.TestInvoker.invokeTestMethod(TestInvoker.java:173)
at org.testng.internal.MethodRunner.runInSequence(MethodRunner.java:46)
at org.testng.internal.TestInvoker$MethodInvocationAgent.invoke(TestInvoker.java:824)
at org.testng.internal.TestInvoker.invokeTestMethods(TestInvoker.java:146)
at org.testng.internal.TestMethodWorker.invokeTestMethods(TestMethodWorker.java:146)
at org.testng.internal.TestMethodWorker.run(TestMethodWorker.java:128)
at java.util.ArrayList.forEach(Unknown Source)
at org.testng.TestRunner.privateRun(TestRunner.java:794)
at org.testng.TestRunner.run(TestRunner.java:596)
at org.testng.SuiteRunner.runTest(SuiteRunner.java:377)
at org.testng.SuiteRunner.runSequentially(SuiteRunner.java:371)
at org.testng.SuiteRunner.privateRun(SuiteRunner.java:332)
at org.testng.SuiteRunner.run(SuiteRunner.java:276)
at org.testng.SuiteRunnerWorker.runSuite(SuiteRunnerWorker.java:53)
at org.testng.SuiteRunnerWorker.run(SuiteRunnerWorker.java:96)
at org.testng.TestNG.runSuitesSequentially(TestNG.java:1212)
at org.testng.TestNG.runSuitesLocally(TestNG.java:1134)
at org.testng.TestNG.runSuites(TestNG.java:1063)
at org.testng.TestNG.run(TestNG.java:1031)
at org.testng.remote.AbstractRemoteTestNG.run(AbstractRemoteTestNG.java:115)
at org.testng.remote.RemoteTestNG.initAndRun(RemoteTestNG.java:251)
at org.testng.remote.RemoteTestNG.main(RemoteTestNG.java:77)
]]>
    </failure>
  </testcase> <!-- check_dashboard -->
  <system-out>
    <![CDATA[check_dashboard========>Testscripts execution started 
===Testscript Execution fail=======]]>
  </system-out>
  <testcase name="check_Head_crp_Bf_dashboard" time="2.520" classname="Practice_TestNg.CheckDasboard_Head_TestNg">
    <failure type="java.lang.AssertionError" message="null">
      <![CDATA[java.lang.AssertionError: null
at org.testng.Assert.fail(Assert.java:99)
at org.testng.Assert.fail(Assert.java:106)
at Practice_TestNg.CheckDasboard_Head_TestNg.check_Head_crp_Bf_dashboard(CheckDasboard_Head_TestNg.java:32)
at sun.reflect.NativeMethodAccessorImpl.invoke0(Native Method)
at sun.reflect.NativeMethodAccessorImpl.invoke(Unknown Source)
at sun.reflect.DelegatingMethodAccessorImpl.invoke(Unknown Source)
at java.lang.reflect.Method.invoke(Unknown Source)
at org.testng.internal.MethodInvocationHelper.invokeMethod(MethodInvocationHelper.java:133)
at org.testng.internal.TestInvoker.invokeMethod(TestInvoker.java:598)
at org.testng.internal.TestInvoker.invokeTestMethod(TestInvoker.java:173)
at org.testng.internal.MethodRunner.runInSequence(MethodRunner.java:46)
at org.testng.internal.TestInvoker$MethodInvocationAgent.invoke(TestInvoker.java:824)
at org.testng.internal.TestInvoker.invokeTestMethods(TestInvoker.java:146)
at org.testng.internal.TestMethodWorker.invokeTestMethods(TestMethodWorker.java:146)
at org.testng.internal.TestMethodWorker.run(TestMethodWorker.java:128)
at java.util.ArrayList.forEach(Unknown Source)
at org.testng.TestRunner.privateRun(TestRunner.java:794)
at org.testng.TestRunner.run(TestRunner.java:596)
at org.testng.SuiteRunner.runTest(SuiteRunner.java:377)
at org.testng.SuiteRunner.runSequentially(SuiteRunner.java:371)
at org.testng.SuiteRunner.privateRun(SuiteRunner.java:332)
at org.testng.SuiteRunner.run(SuiteRunner.java:276)
at org.testng.SuiteRunnerWorker.runSuite(SuiteRunnerWorker.java:53)
at org.testng.SuiteRunnerWorker.run(SuiteRunnerWorker.java:96)
at org.testng.TestNG.runSuitesSequentially(TestNG.java:1212)
at org.testng.TestNG.runSuitesLocally(TestNG.java:1134)
at org.testng.TestNG.runSuites(TestNG.java:1063)
at org.testng.TestNG.run(TestNG.java:1031)
at org.testng.remote.AbstractRemoteTestNG.run(AbstractRemoteTestNG.java:115)
at org.testng.remote.RemoteTestNG.initAndRun(RemoteTestNG.java:251)
at org.testng.remote.RemoteTestNG.main(RemoteTestNG.java:77)
]]>
    </failure>
  </testcase> <!-- check_Head_crp_Bf_dashboard -->
  <system-out>
    <![CDATA[check_Head_crp_Bf_dashboard========>Testscripts execution started 
===Testscript Execution fail=======]]>
  </system-out>
  <testcase name="createCorporate" time="5.176" classname="Practice_TestNg.CheckDasboard_Head_TestNg"/>
  <system-out>
    <![CDATA[createCorporate========>Testscripts execution started 
createCorporate=======>Testscript excute successfully]]>
  </system-out>
  <testcase name="check_Head_crp_Af_dashboard" time="1.795" classname="Practice_TestNg.CheckDasboard_Head_TestNg"/>
  <system-out>
    <![CDATA[check_Head_crp_Af_dashboard========>Testscripts execution started 
check_Head_crp_Af_dashboard=======>Testscript excute successfully]]>
  </system-out>
  <testcase name="check_Head_branch_Bf_dashboard" time="2.695" classname="Practice_TestNg.CheckDasboard_Head_TestNg"/>
  <system-out>
    <![CDATA[check_Head_branch_Bf_dashboard========>Testscripts execution started 
check_Head_branch_Bf_dashboard=======>Testscript excute successfully]]>
  </system-out>
  <testcase name="createBranch" time="4.370" classname="Practice_TestNg.CheckDasboard_Head_TestNg"/>
  <system-out>
    <![CDATA[createBranch========>Testscripts execution started 
createBranch=======>Testscript excute successfully]]>
  </system-out>
  <testcase name="check_Head_Branch_Af_dashboard" time="1.943" classname="Practice_TestNg.CheckDasboard_Head_TestNg"/>
  <system-out>
    <![CDATA[check_Head_Branch_Af_dashboard========>Testscripts execution started 
check_Head_Branch_Af_dashboard=======>Testscript excute successfully]]>
  </system-out>
</testsuite> <!-- Practice_TestNg.CheckDasboard_Head_TestNg -->
